<?xml version="1.0" encoding="UTF-8"?>
<con:testCase id="157e1198-1366-4f77-990f-cc7a5f6a439d" discardOkResults="false" failOnError="true" failTestCaseOnErrors="true" keepSession="false" name="Test Case 1" searchProperties="true" timeout="0" xmlns:con="http://eviware.com/soapui/config">
  <con:settings>
    <con:setting id="157e1198-1366-4f77-990f-cc7a5f6a439dfileName">Test-Case-1</con:setting>
  </con:settings>
  <con:savedRecentRuns>1</con:savedRecentRuns>
  <con:testStep type="datasource" name="Data Source" id="f800b757-c98a-4059-9c3b-5076fd9f4e32">
    <con:settings/>
    <con:config xsi:type="con:DataSourceStep" xmlns:xsi="http://www.w3.org/2001/XMLSchema-instance">
      <con:dataSource type="Excel">
        <con:configuration>
          <file>C:/Users/PRAKRITESHSAHA/Desktop/API_TestData_Assignment.xlsx</file>
          <worksheet>Sheet1</worksheet>
          <cell>A2</cell>
          <ignoreEmpty>false</ignoreEmpty>
          <evaluateFormulas>false</evaluateFormulas>
        </con:configuration>
      </con:dataSource>
      <con:shared>true</con:shared>
      <con:restartShared>true</con:restartShared>
      <con:property>Name1</con:property>
      <con:property>Name2</con:property>
      <con:property>Name3</con:property>
      <con:restartOnRun>true</con:restartOnRun>
    </con:config>
  </con:testStep>
  <con:testStep type="restrequest" name="POST_Step" id="999f1ab2-83c0-406f-910a-bf3e6167bf9d">
    <con:settings/>
    <con:config service="https://petstore.swagger.io" resourcePath="/v2/pet/" methodName="Pet" xsi:type="con:RestRequestStep" xmlns:xsi="http://www.w3.org/2001/XMLSchema-instance">
      <con:restRequest name="POST_Step" id="2c78a56d-9019-4afa-8025-1f03e978cce0" mediaType="application/json" postQueryString="false">
        <con:settings>
          <con:setting id="com.eviware.soapui.impl.wsdl.WsdlRequest@request-headers">&lt;xml-fragment/></con:setting>
        </con:settings>
        <con:endpoint>https://petstore.swagger.io</con:endpoint>
        <con:request>{
  "id": 0,
  "category": {
    "id": 0,
    "name": "${Data Source#Name1}"
  },
  "name": "${Data Source#Name2}",
  "photoUrls": [
    "string"
  ],
  "tags": [
    {
      "id": 0,
      "name": "${Data Source#Name3}"
    }
  ],
  "status": "available"
}</con:request>
        <con:originalUri>https://petstore.swagger.io/v2/pet/</con:originalUri>
        <con:assertion type="Valid HTTP Status Codes" id="dfc6b581-002b-4b31-ba17-b29e32872040" name="Valid HTTP Status Codes">
          <con:settings/>
          <con:configuration>
            <codes>200</codes>
          </con:configuration>
        </con:assertion>
        <con:assertion type="Simple NotContains" id="1d04744b-f41c-4149-9ad7-e8251efb6383" name="Not Contains">
          <con:configuration>
            <token>null</token>
            <ignoreCase>false</ignoreCase>
            <useRegEx>false</useRegEx>
          </con:configuration>
        </con:assertion>
        <con:credentials>
          <con:selectedAuthProfile>No Authorization</con:selectedAuthProfile>
          <con:authType>No Authorization</con:authType>
        </con:credentials>
        <con:jmsConfig JMSDeliveryMode="PERSISTENT"/>
        <con:parameters/>
      </con:restRequest>
    </con:config>
  </con:testStep>
  <con:testStep type="datasink" name="Data Sink" id="30dbdca1-c4a6-4204-ad9c-36795ff61956">
    <con:settings/>
    <con:config xsi:type="con:DataSinkStep" xmlns:xsi="http://www.w3.org/2001/XMLSchema-instance">
      <con:dataSink type="Excel">
        <con:configuration>
          <file/>
          <outfile>C:/Users/PRAKRITESHSAHA/Desktop/API_TestData_Assignment.xlsx</outfile>
          <worksheet>Sheet1</worksheet>
          <cell>D2</cell>
          <evaluateFormulas>false</evaluateFormulas>
          <append>false</append>
        </con:configuration>
      </con:dataSink>
      <con:properties>
        <con:property>
          <con:name>ID</con:name>
          <con:value>${POST_Step#Response#$['id']}</con:value>
        </con:property>
        <con:property>
          <con:name>Response</con:name>
          <con:value>${POST_Step#Response}</con:value>
        </con:property>
      </con:properties>
    </con:config>
  </con:testStep>
  <con:testStep type="restrequest" name="GET_Step" id="c2f00aef-8f5f-4718-8c50-2b16beeb3a20">
    <con:settings/>
    <con:config service="https://petstore.swagger.io" resourcePath="/v2/pet/{petId}" methodName="Method 1" xsi:type="con:RestRequestStep" xmlns:xsi="http://www.w3.org/2001/XMLSchema-instance">
      <con:restRequest name="GET_Step" id="af643834-4f59-41e4-9a0b-1bf8ea2be6bd" mediaType="application/json">
        <con:settings>
          <con:setting id="com.eviware.soapui.impl.wsdl.WsdlRequest@request-headers">&lt;xml-fragment/></con:setting>
        </con:settings>
        <con:endpoint>https://petstore.swagger.io</con:endpoint>
        <con:request/>
        <con:originalUri>https://petstore.swagger.io/v2/pet/9223127516080531882</con:originalUri>
        <con:assertion type="Simple NotContains" id="764ec862-dac0-4899-8220-b6dc1f68fe0f" name="Not Contains">
          <con:configuration>
            <token>NULL</token>
            <ignoreCase>false</ignoreCase>
            <useRegEx>false</useRegEx>
          </con:configuration>
        </con:assertion>
        <con:assertion type="Valid HTTP Status Codes" id="703f7a82-38c6-45e6-a1db-a8bfb02293fe" name="Valid HTTP Status Codes">
          <con:settings/>
          <con:configuration>
            <codes>200</codes>
          </con:configuration>
        </con:assertion>
        <con:credentials>
          <con:selectedAuthProfile>No Authorization</con:selectedAuthProfile>
          <con:authType>No Authorization</con:authType>
        </con:credentials>
        <con:jmsConfig JMSDeliveryMode="PERSISTENT"/>
        <con:parameters>
          <con:entry key="petId" value="${POST_Step#Response#$['id']}"/>
        </con:parameters>
      </con:restRequest>
    </con:config>
  </con:testStep>
  <con:testStep type="datasourceloop" name="Data Source Loop" id="a31dd0be-7271-487d-a9cf-f3a732c60b37">
    <con:settings/>
    <con:config>
      <dataSourceStep>Data Source</dataSourceStep>
      <targetStep>POST_Step</targetStep>
      <discardResults>true</discardResults>
    </con:config>
  </con:testStep>
  <con:testStep type="datasource" name="Data Source_Put" id="9dd08487-6d99-4360-b699-5e679f72f000">
    <con:settings>
      <con:setting id="com.eviware.soapui.impl.wsdl.teststeps.datasource.DataSourceContainer@prepared-properties">&lt;xml-fragment/></con:setting>
    </con:settings>
    <con:config xsi:type="con:DataSourceStep" xmlns:xsi="http://www.w3.org/2001/XMLSchema-instance">
      <con:dataSource type="Excel">
        <con:configuration>
          <file>C:/Users/PRAKRITESHSAHA/Desktop/API_TestData_Assignment.xlsx</file>
          <worksheet>Sheet1</worksheet>
          <cell>D2</cell>
          <ignoreEmpty>false</ignoreEmpty>
          <evaluateFormulas>false</evaluateFormulas>
        </con:configuration>
      </con:dataSource>
      <con:shared>true</con:shared>
      <con:restartShared>true</con:restartShared>
      <con:property>ID</con:property>
      <con:restartOnRun>true</con:restartOnRun>
    </con:config>
  </con:testStep>
  <con:testStep type="restrequest" name="PUT_Step" id="657a6dc2-684a-474d-b619-4fe876a023f0">
    <con:settings/>
    <con:config service="https://petstore.swagger.io" resourcePath="/v2/pet/" methodName="Method 2" xsi:type="con:RestRequestStep" xmlns:xsi="http://www.w3.org/2001/XMLSchema-instance">
      <con:restRequest name="PUT_Step" id="41f56881-9c51-4211-80e6-b141ba08ce60" mediaType="application/json" postQueryString="false">
        <con:settings>
          <con:setting id="com.eviware.soapui.impl.wsdl.WsdlRequest@request-headers">&lt;xml-fragment/></con:setting>
        </con:settings>
        <con:endpoint>https://petstore.swagger.io</con:endpoint>
        <con:request>{
  "id": "${Data Source_Put#ID}",
  "category": {
    "id": 0,
    "name": "Tom"
  },
  "name": "doggie",
  "photoUrls": [
    "string"
  ],
  "tags": [
    {
      "id": 0,
      "name": "cat"
    }
  ],
  "status": "available"
}</con:request>
        <con:originalUri>https://petstore.swagger.io/v2/pet/</con:originalUri>
        <con:assertion type="Valid HTTP Status Codes" id="9fdff48b-78f2-4f5f-aa40-07cf5200dff3" name="Valid HTTP Status Codes">
          <con:settings/>
          <con:configuration>
            <codes>200</codes>
          </con:configuration>
        </con:assertion>
        <con:assertion type="Simple NotContains" id="04dde99b-b319-4137-a7ba-19cddd67c502" name="Not Contains">
          <con:configuration>
            <token>NULL</token>
            <ignoreCase>false</ignoreCase>
            <useRegEx>false</useRegEx>
          </con:configuration>
        </con:assertion>
        <con:credentials>
          <con:selectedAuthProfile>No Authorization</con:selectedAuthProfile>
          <con:authType>No Authorization</con:authType>
        </con:credentials>
        <con:jmsConfig JMSDeliveryMode="PERSISTENT"/>
        <con:parameters/>
      </con:restRequest>
    </con:config>
  </con:testStep>
  <con:testStep type="datasink" name="Data Sink PUT" id="b4c6d4a5-784d-49fb-bbb0-b44a31584e96">
    <con:settings/>
    <con:config xsi:type="con:DataSinkStep" xmlns:xsi="http://www.w3.org/2001/XMLSchema-instance">
      <con:dataSink type="Excel">
        <con:configuration>
          <file/>
          <outfile>C:/Users/PRAKRITESHSAHA/Desktop/API_TestData_Assignment.xlsx</outfile>
          <worksheet>Sheet1</worksheet>
          <cell>A2</cell>
          <evaluateFormulas>false</evaluateFormulas>
          <append>false</append>
        </con:configuration>
      </con:dataSink>
      <con:properties>
        <con:property>
          <con:name>Name1</con:name>
          <con:value>${PUT_Step#Response#$['category']['name']}</con:value>
        </con:property>
        <con:property>
          <con:name>Name2</con:name>
          <con:value>${PUT_Step#Response#$['name']}</con:value>
        </con:property>
        <con:property>
          <con:name>Name3</con:name>
          <con:value>${PUT_Step#Response#$['tags'][0]['name']}</con:value>
        </con:property>
      </con:properties>
    </con:config>
  </con:testStep>
  <con:testStep type="restrequest" name="GET_StepAfterPUT" id="6e8364e4-6100-4ad8-87c0-140777fe98f4">
    <con:settings/>
    <con:config service="https://petstore.swagger.io" resourcePath="/v2/pet/{petId}" methodName="Method 1" xsi:type="con:RestRequestStep" xmlns:xsi="http://www.w3.org/2001/XMLSchema-instance">
      <con:restRequest name="GET_StepAfterPUT" id="af643834-4f59-41e4-9a0b-1bf8ea2be6bd" mediaType="application/json">
        <con:settings>
          <con:setting id="com.eviware.soapui.impl.wsdl.WsdlRequest@request-headers">&lt;xml-fragment/></con:setting>
        </con:settings>
        <con:endpoint>https://petstore.swagger.io</con:endpoint>
        <con:request/>
        <con:originalUri>https://petstore.swagger.io/v2/pet/9223127516080531880</con:originalUri>
        <con:assertion type="Valid HTTP Status Codes" id="3abcc98e-1841-4637-9fb4-18b6266091e2" name="Valid HTTP Status Codes">
          <con:settings/>
          <con:configuration>
            <codes>200</codes>
          </con:configuration>
        </con:assertion>
        <con:assertion type="Simple NotContains" id="6aad6260-5966-4243-94a4-b5037a91f37e" name="Not Contains">
          <con:configuration>
            <token>NULL</token>
            <ignoreCase>false</ignoreCase>
            <useRegEx>false</useRegEx>
          </con:configuration>
        </con:assertion>
        <con:credentials>
          <con:selectedAuthProfile>No Authorization</con:selectedAuthProfile>
          <con:authType>No Authorization</con:authType>
        </con:credentials>
        <con:jmsConfig JMSDeliveryMode="PERSISTENT"/>
        <con:parameters>
          <con:entry key="petId" value="${PUT_Step#Response#$['id']}"/>
        </con:parameters>
      </con:restRequest>
    </con:config>
  </con:testStep>
  <con:testStep type="restrequest" name="DELETE_Step" id="ff5b8bc4-6a27-440b-b4c8-600e420d0775">
    <con:settings/>
    <con:config service="https://petstore.swagger.io" resourcePath="/v2/pet/{petId}" methodName="Method 2" xsi:type="con:RestRequestStep" xmlns:xsi="http://www.w3.org/2001/XMLSchema-instance">
      <con:restRequest name="DELETE_Step" id="7952fc8d-1cbb-4a7b-85ca-eb5998ea6def" mediaType="application/json" postQueryString="false">
        <con:settings>
          <con:setting id="com.eviware.soapui.impl.wsdl.WsdlRequest@request-headers">&lt;xml-fragment/></con:setting>
        </con:settings>
        <con:endpoint>https://petstore.swagger.io</con:endpoint>
        <con:request/>
        <con:originalUri>https://petstore.swagger.io/v2/pet/9223127516080531880</con:originalUri>
        <con:credentials>
          <con:selectedAuthProfile>No Authorization</con:selectedAuthProfile>
          <con:authType>No Authorization</con:authType>
        </con:credentials>
        <con:jmsConfig JMSDeliveryMode="PERSISTENT"/>
        <con:parameters>
          <con:entry key="petId" value="${PUT_Step#Response#$['id']}"/>
        </con:parameters>
      </con:restRequest>
    </con:config>
  </con:testStep>
  <con:testStep type="restrequest" name="GET_StepAfterDelete" id="23f2c690-4d5f-4855-948b-4e796bd59df3">
    <con:settings/>
    <con:config service="https://petstore.swagger.io" resourcePath="/v2/pet/{petId}" methodName="Method 1" xsi:type="con:RestRequestStep" xmlns:xsi="http://www.w3.org/2001/XMLSchema-instance">
      <con:restRequest name="GET_StepAfterDelete" id="af643834-4f59-41e4-9a0b-1bf8ea2be6bd" mediaType="application/json">
        <con:settings>
          <con:setting id="com.eviware.soapui.impl.wsdl.WsdlRequest@request-headers">&lt;xml-fragment/></con:setting>
        </con:settings>
        <con:endpoint>https://petstore.swagger.io</con:endpoint>
        <con:request/>
        <con:originalUri>https://petstore.swagger.io/v2/pet/9223127516080531880</con:originalUri>
        <con:assertion type="Simple Contains" id="62d0d9c4-f3f6-4784-8727-871bd6b1ea5a" name="Contains">
          <con:configuration>
            <token>not found</token>
            <ignoreCase>true</ignoreCase>
            <useRegEx>false</useRegEx>
          </con:configuration>
        </con:assertion>
        <con:credentials>
          <con:selectedAuthProfile>No Authorization</con:selectedAuthProfile>
          <con:authType>No Authorization</con:authType>
        </con:credentials>
        <con:jmsConfig JMSDeliveryMode="PERSISTENT"/>
        <con:parameters>
          <con:entry key="petId" value="${DELETE_Step#Response#$['message']}"/>
        </con:parameters>
      </con:restRequest>
    </con:config>
  </con:testStep>
  <con:testStep type="datasink" name="Data Sink DELETE" id="1d2ecc26-a77b-460a-b306-977df20bf6eb">
    <con:settings/>
    <con:config xsi:type="con:DataSinkStep" xmlns:xsi="http://www.w3.org/2001/XMLSchema-instance">
      <con:dataSink type="Excel">
        <con:configuration>
          <file/>
          <outfile>C:/Users/PRAKRITESHSAHA/Desktop/API_TestData_Assignment.xlsx</outfile>
          <worksheet>Sheet1</worksheet>
          <cell>F2</cell>
          <evaluateFormulas>false</evaluateFormulas>
          <append>false</append>
        </con:configuration>
      </con:dataSink>
      <con:properties>
        <con:property>
          <con:name>Response</con:name>
          <con:value>${GET_StepAfterDelete#Response}</con:value>
        </con:property>
      </con:properties>
    </con:config>
  </con:testStep>
  <con:properties/>
  <con:reportParameters/>
  <con:breakPoints>
    <con:testStepId>f800b757-c98a-4059-9c3b-5076fd9f4e32</con:testStepId>
    <con:status>NONE</con:status>
    <con:properties/>
  </con:breakPoints>
  <con:breakPoints>
    <con:testStepId>30dbdca1-c4a6-4204-ad9c-36795ff61956</con:testStepId>
    <con:status>NONE</con:status>
    <con:properties/>
  </con:breakPoints>
  <con:breakPoints>
    <con:testStepId>9dd08487-6d99-4360-b699-5e679f72f000</con:testStepId>
    <con:status>NONE</con:status>
    <con:properties/>
  </con:breakPoints>
  <con:breakPoints>
    <con:testStepId>c2f00aef-8f5f-4718-8c50-2b16beeb3a20</con:testStepId>
    <con:status>NONE</con:status>
    <con:properties/>
  </con:breakPoints>
</con:testCase>
